<?xml version="1.0" encoding="UTF-8"?>
<testsuite name="com.cloudbridge.DbConnectionTest" tests="1" skipped="0" failures="0" errors="0" timestamp="2025-11-05T15:38:22.035Z" hostname="DESKTOP-41J8V26" time="0.546">
  <properties/>
  <testcase name="DB연결_테스트()" classname="com.cloudbridge.DbConnectionTest" time="0.546"/>
  <system-out><![CDATA[00:38:18.275 [Test worker] INFO org.springframework.test.context.support.AnnotationConfigContextLoaderUtils -- Could not detect default configuration classes for test class [com.cloudbridge.DbConnectionTest]: DbConnectionTest does not declare any static, non-private, non-final, nested classes annotated with @Configuration.
00:38:18.385 [Test worker] INFO org.springframework.boot.test.context.SpringBootTestContextBootstrapper -- Found @SpringBootConfiguration com.cloudbridge.CloudBridgeApplication for test class com.cloudbridge.DbConnectionTest

  .   ____          _            __ _ _
 /\\ / ___'_ __ _ _(_)_ __  __ _ \ \ \ \
( ( )\___ | '_ | '_| | '_ \/ _` | \ \ \ \
 \\/  ___)| |_)| | | | | || (_| |  ) ) ) )
  '  |____| .__|_| |_|_| |_\__, | / / / /
 =========|_|==============|___/=/_/_/_/

 :: Spring Boot ::                (v3.5.7)

2025-11-06T00:38:18.796+09:00  INFO 4844 --- [cloud_bridge] [    Test worker] com.cloudbridge.DbConnectionTest         : Starting DbConnectionTest using Java 21.0.6 with PID 4844 (started by smhrd in C:\Users\smhrd\Desktop\PROJECT\Back_End)
2025-11-06T00:38:18.798+09:00  INFO 4844 --- [cloud_bridge] [    Test worker] com.cloudbridge.DbConnectionTest         : No active profile set, falling back to 1 default profile: "default"
2025-11-06T00:38:19.333+09:00  INFO 4844 --- [cloud_bridge] [    Test worker] .s.d.r.c.RepositoryConfigurationDelegate : Bootstrapping Spring Data JPA repositories in DEFAULT mode.
2025-11-06T00:38:19.355+09:00  INFO 4844 --- [cloud_bridge] [    Test worker] .s.d.r.c.RepositoryConfigurationDelegate : Finished Spring Data repository scanning in 11 ms. Found 0 JPA repository interfaces.
2025-11-06T00:38:19.733+09:00  INFO 4844 --- [cloud_bridge] [    Test worker] o.hibernate.jpa.internal.util.LogHelper  : HHH000204: Processing PersistenceUnitInfo [name: default]
2025-11-06T00:38:19.819+09:00  INFO 4844 --- [cloud_bridge] [    Test worker] org.hibernate.Version                    : HHH000412: Hibernate ORM core version 6.6.33.Final
2025-11-06T00:38:19.876+09:00  INFO 4844 --- [cloud_bridge] [    Test worker] o.h.c.internal.RegionFactoryInitiator    : HHH000026: Second-level cache disabled
2025-11-06T00:38:20.219+09:00  INFO 4844 --- [cloud_bridge] [    Test worker] o.s.o.j.p.SpringPersistenceUnitInfo      : No LoadTimeWeaver setup: ignoring JPA class transformer
2025-11-06T00:38:20.254+09:00  INFO 4844 --- [cloud_bridge] [    Test worker] com.zaxxer.hikari.HikariDataSource       : HikariPool-1 - Starting...
2025-11-06T00:38:20.719+09:00  INFO 4844 --- [cloud_bridge] [    Test worker] com.zaxxer.hikari.pool.HikariPool        : HikariPool-1 - Added connection com.mysql.cj.jdbc.ConnectionImpl@6ae6d078
2025-11-06T00:38:20.719+09:00  INFO 4844 --- [cloud_bridge] [    Test worker] com.zaxxer.hikari.HikariDataSource       : HikariPool-1 - Start completed.
2025-11-06T00:38:20.773+09:00  WARN 4844 --- [cloud_bridge] [    Test worker] org.hibernate.orm.deprecation            : HHH90000025: MySQL8Dialect does not need to be specified explicitly using 'hibernate.dialect' (remove the property setting and it will be selected by default)
2025-11-06T00:38:20.773+09:00  WARN 4844 --- [cloud_bridge] [    Test worker] org.hibernate.orm.deprecation            : HHH90000026: MySQL8Dialect has been deprecated; use org.hibernate.dialect.MySQLDialect instead
2025-11-06T00:38:20.798+09:00  INFO 4844 --- [cloud_bridge] [    Test worker] org.hibernate.orm.connections.pooling    : HHH10001005: Database info:
	Database JDBC URL [Connecting through datasource 'HikariDataSource (HikariPool-1)']
	Database driver: undefined/unknown
	Database version: 8.0
	Autocommit mode: undefined/unknown
	Isolation level: undefined/unknown
	Minimum pool size: undefined/unknown
	Maximum pool size: undefined/unknown
2025-11-06T00:38:21.127+09:00  INFO 4844 --- [cloud_bridge] [    Test worker] o.h.e.t.j.p.i.JtaPlatformInitiator       : HHH000489: No JTA platform available (set 'hibernate.transaction.jta.platform' to enable JTA platform integration)
2025-11-06T00:38:21.134+09:00  INFO 4844 --- [cloud_bridge] [    Test worker] j.LocalContainerEntityManagerFactoryBean : Initialized JPA EntityManagerFactory for persistence unit 'default'
2025-11-06T00:38:21.257+09:00  WARN 4844 --- [cloud_bridge] [    Test worker] JpaBaseConfiguration$JpaWebConfiguration : spring.jpa.open-in-view is enabled by default. Therefore, database queries may be performed during view rendering. Explicitly configure spring.jpa.open-in-view to disable this warning
2025-11-06T00:38:21.789+09:00  WARN 4844 --- [cloud_bridge] [    Test worker] .s.s.UserDetailsServiceAutoConfiguration : 

Using generated security password: 8c4f7fd5-4b35-4554-a3c1-2d5787c24478

This generated password is for development use only. Your security configuration must be updated before running your application in production.

2025-11-06T00:38:21.797+09:00  INFO 4844 --- [cloud_bridge] [    Test worker] r$InitializeUserDetailsManagerConfigurer : Global AuthenticationManager configured with UserDetailsService bean with name inMemoryUserDetailsManager
2025-11-06T00:38:22.019+09:00  INFO 4844 --- [cloud_bridge] [    Test worker] com.cloudbridge.DbConnectionTest         : Started DbConnectionTest in 3.477 seconds (process running for 4.496)
✅ DB 연결 성공!
연결 정보: jdbc:mysql://project-db-campus.smhrd.com:3307/campus_24IS_CLOUD3_p3_3
]]></system-out>
  <system-err><![CDATA[Mockito is currently self-attaching to enable the inline-mock-maker. This will no longer work in future releases of the JDK. Please add Mockito as an agent to your build as described in Mockito's documentation: https://javadoc.io/doc/org.mockito/mockito-core/latest/org.mockito/org/mockito/Mockito.html#0.3
WARNING: A Java agent has been loaded dynamically (C:\Users\smhrd\.gradle\caches\modules-2\files-2.1\net.bytebuddy\byte-buddy-agent\1.17.8\f09415827a71be7ed621c7bd02550678f28bc81c\byte-buddy-agent-1.17.8.jar)
WARNING: If a serviceability tool is in use, please run with -XX:+EnableDynamicAgentLoading to hide this warning
WARNING: If a serviceability tool is not in use, please run with -Djdk.instrument.traceUsage for more information
WARNING: Dynamic loading of agents will be disallowed by default in a future release
]]></system-err>
</testsuite>
